Command line:
   ADD1_isim_beh.exe
     -simmode  gui
     -simrunnum  0
     -socket  51071

Fri May 11 18:00:00 2018


 Elaboration Time: 0.03 sec

 Current Memory Usage: 131.547 Meg

 Total Signals          : 2
 Total Nets             : 64
 Total Signal Drivers   : 1
 Total Blocks           : 3
 Total Primitive Blocks : 3
 Total Processes        : 1
 Total Traceable Variables  : 13
 Total Scalar Nets and Variables : 547
Total Line Count : 1

 Total Simulation Time: 0.04 sec

 Current Memory Usage: 140.988 Meg

Fri May 11 18:02:41 2018

